{"/home/runner/work/Gastos/Gastos/src/database/client.ts": {"path":"/home/runner/work/Gastos/Gastos/src/database/client.ts","statementMap":{"0":{"start":{"line":8,"column":0},"end":{"line":181,"column":1}},"1":{"start":{"line":10,"column":2},"end":{"line":178,"column":4}},"2":{"start":{"line":12,"column":21},"end":{"line":12,"column":61}},"3":{"start":{"line":13,"column":6},"end":{"line":18,"column":7}},"4":{"start":{"line":14,"column":8},"end":{"line":17,"column":10}},"5":{"start":{"line":19,"column":6},"end":{"line":19,"column":18}},"6":{"start":{"line":22,"column":21},"end":{"line":25,"column":7}},"7":{"start":{"line":28,"column":6},"end":{"line":28,"column":43}},"8":{"start":{"line":28,"column":25},"end":{"line":28,"column":43}},"9":{"start":{"line":29,"column":6},"end":{"line":29,"column":49}},"10":{"start":{"line":29,"column":28},"end":{"line":29,"column":49}},"11":{"start":{"line":30,"column":6},"end":{"line":30,"column":53}},"12":{"start":{"line":30,"column":30},"end":{"line":30,"column":53}},"13":{"start":{"line":32,"column":6},"end":{"line":89,"column":7}},"14":{"start":{"line":33,"column":44},"end":{"line":33,"column":50}},"15":{"start":{"line":35,"column":10},"end":{"line":35,"column":93}},"16":{"start":{"line":35,"column":78},"end":{"line":35,"column":82}},"17":{"start":{"line":36,"column":8},"end":{"line":36,"column":99}},"18":{"start":{"line":37,"column":8},"end":{"line":37,"column":73}},"19":{"start":{"line":38,"column":8},"end":{"line":38,"column":51}},"20":{"start":{"line":39,"column":13},"end":{"line":89,"column":7}},"21":{"start":{"line":40,"column":63},"end":{"line":40,"column":69}},"22":{"start":{"line":42,"column":10},"end":{"line":42,"column":99}},"23":{"start":{"line":42,"column":84},"end":{"line":42,"column":88}},"24":{"start":{"line":43,"column":8},"end":{"line":51,"column":11}},"25":{"start":{"line":52,"column":8},"end":{"line":52,"column":73}},"26":{"start":{"line":53,"column":8},"end":{"line":53,"column":51}},"27":{"start":{"line":54,"column":13},"end":{"line":89,"column":7}},"28":{"start":{"line":58,"column":36},"end":{"line":58,"column":42}},"29":{"start":{"line":59,"column":8},"end":{"line":66,"column":9}},"30":{"start":{"line":59,"column":48},"end":{"line":59,"column":63}},"31":{"start":{"line":61,"column":12},"end":{"line":63,"column":22}},"32":{"start":{"line":62,"column":62},"end":{"line":62,"column":66}},"33":{"start":{"line":64,"column":10},"end":{"line":64,"column":60}},"34":{"start":{"line":65,"column":10},"end":{"line":65,"column":75}},"35":{"start":{"line":67,"column":8},"end":{"line":67,"column":50}},"36":{"start":{"line":68,"column":13},"end":{"line":89,"column":7}},"37":{"start":{"line":69,"column":24},"end":{"line":69,"column":49}},"38":{"start":{"line":70,"column":8},"end":{"line":73,"column":9}},"39":{"start":{"line":71,"column":10},"end":{"line":71,"column":83}},"40":{"start":{"line":71,"column":63},"end":{"line":71,"column":81}},"41":{"start":{"line":72,"column":10},"end":{"line":72,"column":75}},"42":{"start":{"line":74,"column":8},"end":{"line":74,"column":30}},"43":{"start":{"line":75,"column":13},"end":{"line":89,"column":7}},"44":{"start":{"line":76,"column":19},"end":{"line":76,"column":44}},"45":{"start":{"line":77,"column":22},"end":{"line":77,"column":72}},"46":{"start":{"line":77,"column":60},"end":{"line":77,"column":71}},"47":{"start":{"line":78,"column":8},"end":{"line":87,"column":9}},"48":{"start":{"line":79,"column":10},"end":{"line":85,"column":12}},"49":{"start":{"line":86,"column":10},"end":{"line":86,"column":75}},"50":{"start":{"line":88,"column":8},"end":{"line":88,"column":30}},"51":{"start":{"line":90,"column":6},"end":{"line":90,"column":48}},"52":{"start":{"line":93,"column":21},"end":{"line":96,"column":7}},"53":{"start":{"line":99,"column":6},"end":{"line":99,"column":43}},"54":{"start":{"line":99,"column":25},"end":{"line":99,"column":43}},"55":{"start":{"line":100,"column":6},"end":{"line":100,"column":49}},"56":{"start":{"line":100,"column":28},"end":{"line":100,"column":49}},"57":{"start":{"line":101,"column":6},"end":{"line":101,"column":53}},"58":{"start":{"line":101,"column":30},"end":{"line":101,"column":53}},"59":{"start":{"line":103,"column":6},"end":{"line":141,"column":7}},"60":{"start":{"line":104,"column":8},"end":{"line":104,"column":28}},"61":{"start":{"line":105,"column":13},"end":{"line":141,"column":7}},"62":{"start":{"line":106,"column":8},"end":{"line":114,"column":9}},"63":{"start":{"line":107,"column":27},"end":{"line":107,"column":86}},"64":{"start":{"line":107,"column":62},"end":{"line":107,"column":85}},"65":{"start":{"line":108,"column":10},"end":{"line":112,"column":11}},"66":{"start":{"line":109,"column":12},"end":{"line":111,"column":14}},"67":{"start":{"line":110,"column":34},"end":{"line":110,"column":89}},"68":{"start":{"line":113,"column":10},"end":{"line":113,"column":26}},"69":{"start":{"line":115,"column":8},"end":{"line":117,"column":9}},"70":{"start":{"line":116,"column":10},"end":{"line":116,"column":78}},"71":{"start":{"line":116,"column":52},"end":{"line":116,"column":76}},"72":{"start":{"line":118,"column":8},"end":{"line":120,"column":9}},"73":{"start":{"line":119,"column":10},"end":{"line":119,"column":96}},"74":{"start":{"line":119,"column":52},"end":{"line":119,"column":94}},"75":{"start":{"line":121,"column":8},"end":{"line":125,"column":9}},"76":{"start":{"line":122,"column":10},"end":{"line":124,"column":12}},"77":{"start":{"line":123,"column":32},"end":{"line":123,"column":87}},"78":{"start":{"line":126,"column":8},"end":{"line":126,"column":31}},"79":{"start":{"line":127,"column":13},"end":{"line":141,"column":7}},"80":{"start":{"line":128,"column":23},"end":{"line":128,"column":32}},"81":{"start":{"line":129,"column":29},"end":{"line":129,"column":31}},"82":{"start":{"line":130,"column":8},"end":{"line":135,"column":13}},"83":{"start":{"line":131,"column":30},"end":{"line":131,"column":50}},"84":{"start":{"line":133,"column":12},"end":{"line":133,"column":62}},"85":{"start":{"line":133,"column":38},"end":{"line":133,"column":62}},"86":{"start":{"line":134,"column":12},"end":{"line":134,"column":44}},"87":{"start":{"line":136,"column":8},"end":{"line":138,"column":55}},"88":{"start":{"line":137,"column":44},"end":{"line":137,"column":63}},"89":{"start":{"line":138,"column":36},"end":{"line":138,"column":53}},"90":{"start":{"line":139,"column":13},"end":{"line":141,"column":7}},"91":{"start":{"line":140,"column":8},"end":{"line":140,"column":33}},"92":{"start":{"line":142,"column":6},"end":{"line":142,"column":29}},"93":{"start":{"line":145,"column":21},"end":{"line":148,"column":7}},"94":{"start":{"line":151,"column":6},"end":{"line":151,"column":43}},"95":{"start":{"line":151,"column":25},"end":{"line":151,"column":43}},"96":{"start":{"line":152,"column":6},"end":{"line":152,"column":49}},"97":{"start":{"line":152,"column":28},"end":{"line":152,"column":49}},"98":{"start":{"line":153,"column":6},"end":{"line":153,"column":53}},"99":{"start":{"line":153,"column":30},"end":{"line":153,"column":53}},"100":{"start":{"line":155,"column":6},"end":{"line":174,"column":7}},"101":{"start":{"line":156,"column":8},"end":{"line":165,"column":9}},"102":{"start":{"line":158,"column":10},"end":{"line":160,"column":12}},"103":{"start":{"line":159,"column":42},"end":{"line":159,"column":91}},"104":{"start":{"line":161,"column":15},"end":{"line":165,"column":9}},"105":{"start":{"line":162,"column":10},"end":{"line":162,"column":78}},"106":{"start":{"line":162,"column":47},"end":{"line":162,"column":68}},"107":{"start":{"line":163,"column":15},"end":{"line":165,"column":9}},"108":{"start":{"line":164,"column":10},"end":{"line":164,"column":81}},"109":{"start":{"line":164,"column":47},"end":{"line":164,"column":71}},"110":{"start":{"line":166,"column":13},"end":{"line":174,"column":7}},"111":{"start":{"line":167,"column":23},"end":{"line":167,"column":32}},"112":{"start":{"line":168,"column":26},"end":{"line":168,"column":35}},"113":{"start":{"line":169,"column":24},"end":{"line":169,"column":33}},"114":{"start":{"line":170,"column":22},"end":{"line":172,"column":61}},"115":{"start":{"line":171,"column":30},"end":{"line":171,"column":94}},"116":{"start":{"line":172,"column":43},"end":{"line":172,"column":57}},"117":{"start":{"line":173,"column":8},"end":{"line":173,"column":25}},"118":{"start":{"line":175,"column":6},"end":{"line":175,"column":18}},"119":{"start":{"line":177,"column":67},"end":{"line":177,"column":83}},"120":{"start":{"line":180,"column":2},"end":{"line":180,"column":44}},"121":{"start":{"line":183,"column":28},"end":{"line":242,"column":1}},"122":{"start":{"line":184,"column":2},"end":{"line":241,"column":3}},"123":{"start":{"line":185,"column":4},"end":{"line":211,"column":7}},"124":{"start":{"line":214,"column":23},"end":{"line":221,"column":5}},"125":{"start":{"line":223,"column":4},"end":{"line":229,"column":5}},"126":{"start":{"line":224,"column":6},"end":{"line":228,"column":9}},"127":{"start":{"line":232,"column":4},"end":{"line":236,"column":5}},"128":{"start":{"line":233,"column":6},"end":{"line":233,"column":30}},"129":{"start":{"line":235,"column":6},"end":{"line":235,"column":65}},"130":{"start":{"line":238,"column":4},"end":{"line":238,"column":53}},"131":{"start":{"line":240,"column":4},"end":{"line":240,"column":57}}},"fnMap":{"0":{"name":"(anonymous_0)","decl":{"start":{"line":11,"column":15},"end":{"line":11,"column":16}},"loc":{"start":{"line":11,"column":38},"end":{"line":20,"column":5}},"line":11},"1":{"name":"(anonymous_1)","decl":{"start":{"line":21,"column":14},"end":{"line":21,"column":15}},"loc":{"start":{"line":21,"column":57},"end":{"line":91,"column":5}},"line":21},"2":{"name":"(anonymous_2)","decl":{"start":{"line":35,"column":66},"end":{"line":35,"column":67}},"loc":{"start":{"line":35,"column":78},"end":{"line":35,"column":82}},"line":35},"3":{"name":"(anonymous_3)","decl":{"start":{"line":42,"column":72},"end":{"line":42,"column":73}},"loc":{"start":{"line":42,"column":84},"end":{"line":42,"column":88}},"line":42},"4":{"name":"(anonymous_4)","decl":{"start":{"line":59,"column":36},"end":{"line":59,"column":37}},"loc":{"start":{"line":59,"column":48},"end":{"line":59,"column":63}},"line":59},"5":{"name":"(anonymous_5)","decl":{"start":{"line":62,"column":50},"end":{"line":62,"column":51}},"loc":{"start":{"line":62,"column":62},"end":{"line":62,"column":66}},"line":62},"6":{"name":"(anonymous_6)","decl":{"start":{"line":71,"column":51},"end":{"line":71,"column":52}},"loc":{"start":{"line":71,"column":63},"end":{"line":71,"column":81}},"line":71},"7":{"name":"(anonymous_7)","decl":{"start":{"line":77,"column":48},"end":{"line":77,"column":49}},"loc":{"start":{"line":77,"column":60},"end":{"line":77,"column":71}},"line":77},"8":{"name":"(anonymous_8)","decl":{"start":{"line":92,"column":17},"end":{"line":92,"column":18}},"loc":{"start":{"line":92,"column":60},"end":{"line":143,"column":5}},"line":92},"9":{"name":"(anonymous_9)","decl":{"start":{"line":107,"column":50},"end":{"line":107,"column":51}},"loc":{"start":{"line":107,"column":62},"end":{"line":107,"column":85}},"line":107},"10":{"name":"(anonymous_10)","decl":{"start":{"line":110,"column":14},"end":{"line":110,"column":15}},"loc":{"start":{"line":110,"column":34},"end":{"line":110,"column":89}},"line":110},"11":{"name":"(anonymous_11)","decl":{"start":{"line":116,"column":40},"end":{"line":116,"column":41}},"loc":{"start":{"line":116,"column":52},"end":{"line":116,"column":76}},"line":116},"12":{"name":"(anonymous_12)","decl":{"start":{"line":119,"column":40},"end":{"line":119,"column":41}},"loc":{"start":{"line":119,"column":52},"end":{"line":119,"column":94}},"line":119},"13":{"name":"(anonymous_13)","decl":{"start":{"line":123,"column":12},"end":{"line":123,"column":13}},"loc":{"start":{"line":123,"column":32},"end":{"line":123,"column":87}},"line":123},"14":{"name":"(anonymous_14)","decl":{"start":{"line":131,"column":18},"end":{"line":131,"column":19}},"loc":{"start":{"line":131,"column":30},"end":{"line":131,"column":50}},"line":131},"15":{"name":"(anonymous_15)","decl":{"start":{"line":132,"column":19},"end":{"line":132,"column":20}},"loc":{"start":{"line":132,"column":31},"end":{"line":135,"column":11}},"line":132},"16":{"name":"(anonymous_16)","decl":{"start":{"line":137,"column":15},"end":{"line":137,"column":16}},"loc":{"start":{"line":137,"column":44},"end":{"line":137,"column":63}},"line":137},"17":{"name":"(anonymous_17)","decl":{"start":{"line":138,"column":16},"end":{"line":138,"column":17}},"loc":{"start":{"line":138,"column":36},"end":{"line":138,"column":53}},"line":138},"18":{"name":"(anonymous_18)","decl":{"start":{"line":144,"column":19},"end":{"line":144,"column":20}},"loc":{"start":{"line":144,"column":62},"end":{"line":176,"column":5}},"line":144},"19":{"name":"(anonymous_19)","decl":{"start":{"line":159,"column":30},"end":{"line":159,"column":31}},"loc":{"start":{"line":159,"column":42},"end":{"line":159,"column":91}},"line":159},"20":{"name":"(anonymous_20)","decl":{"start":{"line":162,"column":35},"end":{"line":162,"column":36}},"loc":{"start":{"line":162,"column":47},"end":{"line":162,"column":68}},"line":162},"21":{"name":"(anonymous_21)","decl":{"start":{"line":164,"column":35},"end":{"line":164,"column":36}},"loc":{"start":{"line":164,"column":47},"end":{"line":164,"column":71}},"line":164},"22":{"name":"(anonymous_22)","decl":{"start":{"line":171,"column":18},"end":{"line":171,"column":19}},"loc":{"start":{"line":171,"column":30},"end":{"line":171,"column":94}},"line":171},"23":{"name":"(anonymous_23)","decl":{"start":{"line":172,"column":18},"end":{"line":172,"column":19}},"loc":{"start":{"line":172,"column":43},"end":{"line":172,"column":57}},"line":172},"24":{"name":"(anonymous_24)","decl":{"start":{"line":177,"column":26},"end":{"line":177,"column":27}},"loc":{"start":{"line":177,"column":67},"end":{"line":177,"column":83}},"line":177},"25":{"name":"(anonymous_25)","decl":{"start":{"line":183,"column":28},"end":{"line":183,"column":29}},"loc":{"start":{"line":183,"column":40},"end":{"line":242,"column":1}},"line":183}},"branchMap":{"0":{"loc":{"start":{"line":8,"column":0},"end":{"line":181,"column":1}},"type":"if","locations":[{"start":{"line":8,"column":0},"end":{"line":181,"column":1}},{"start":{"line":179,"column":7},"end":{"line":181,"column":1}}],"line":8},"1":{"loc":{"start":{"line":13,"column":6},"end":{"line":18,"column":7}},"type":"if","locations":[{"start":{"line":13,"column":6},"end":{"line":18,"column":7}},{"start":{},"end":{}}],"line":13},"2":{"loc":{"start":{"line":21,"column":34},"end":{"line":21,"column":52}},"type":"default-arg","locations":[{"start":{"line":21,"column":50},"end":{"line":21,"column":52}}],"line":21},"3":{"loc":{"start":{"line":23,"column":8},"end":{"line":24,"column":59}},"type":"binary-expr","locations":[{"start":{"line":23,"column":9},"end":{"line":23,"column":49}},{"start":{"line":24,"column":10},"end":{"line":24,"column":59}}],"line":23},"4":{"loc":{"start":{"line":28,"column":6},"end":{"line":28,"column":43}},"type":"if","locations":[{"start":{"line":28,"column":6},"end":{"line":28,"column":43}},{"start":{},"end":{}}],"line":28},"5":{"loc":{"start":{"line":29,"column":6},"end":{"line":29,"column":49}},"type":"if","locations":[{"start":{"line":29,"column":6},"end":{"line":29,"column":49}},{"start":{},"end":{}}],"line":29},"6":{"loc":{"start":{"line":30,"column":6},"end":{"line":30,"column":53}},"type":"if","locations":[{"start":{"line":30,"column":6},"end":{"line":30,"column":53}},{"start":{},"end":{}}],"line":30},"7":{"loc":{"start":{"line":32,"column":6},"end":{"line":89,"column":7}},"type":"if","locations":[{"start":{"line":32,"column":6},"end":{"line":89,"column":7}},{"start":{"line":39,"column":13},"end":{"line":89,"column":7}}],"line":32},"8":{"loc":{"start":{"line":35,"column":11},"end":{"line":35,"column":88}},"type":"cond-expr","locations":[{"start":{"line":35,"column":37},"end":{"line":35,"column":84}},{"start":{"line":35,"column":87},"end":{"line":35,"column":88}}],"line":35},"9":{"loc":{"start":{"line":39,"column":13},"end":{"line":89,"column":7}},"type":"if","locations":[{"start":{"line":39,"column":13},"end":{"line":89,"column":7}},{"start":{"line":54,"column":13},"end":{"line":89,"column":7}}],"line":39},"10":{"loc":{"start":{"line":42,"column":11},"end":{"line":42,"column":94}},"type":"cond-expr","locations":[{"start":{"line":42,"column":40},"end":{"line":42,"column":90}},{"start":{"line":42,"column":93},"end":{"line":42,"column":94}}],"line":42},"11":{"loc":{"start":{"line":54,"column":13},"end":{"line":89,"column":7}},"type":"if","locations":[{"start":{"line":54,"column":13},"end":{"line":89,"column":7}},{"start":{"line":68,"column":13},"end":{"line":89,"column":7}}],"line":54},"12":{"loc":{"start":{"line":55,"column":8},"end":{"line":56,"column":56}},"type":"binary-expr","locations":[{"start":{"line":55,"column":8},"end":{"line":55,"column":46}},{"start":{"line":56,"column":8},"end":{"line":56,"column":56}}],"line":55},"13":{"loc":{"start":{"line":59,"column":8},"end":{"line":66,"column":9}},"type":"if","locations":[{"start":{"line":59,"column":8},"end":{"line":66,"column":9}},{"start":{},"end":{}}],"line":59},"14":{"loc":{"start":{"line":61,"column":13},"end":{"line":63,"column":17}},"type":"cond-expr","locations":[{"start":{"line":62,"column":16},"end":{"line":62,"column":68}},{"start":{"line":63,"column":16},"end":{"line":63,"column":17}}],"line":61},"15":{"loc":{"start":{"line":68,"column":13},"end":{"line":89,"column":7}},"type":"if","locations":[{"start":{"line":68,"column":13},"end":{"line":89,"column":7}},{"start":{"line":75,"column":13},"end":{"line":89,"column":7}}],"line":68},"16":{"loc":{"start":{"line":70,"column":8},"end":{"line":73,"column":9}},"type":"if","locations":[{"start":{"line":70,"column":8},"end":{"line":73,"column":9}},{"start":{},"end":{}}],"line":70},"17":{"loc":{"start":{"line":70,"column":12},"end":{"line":70,"column":32}},"type":"binary-expr","locations":[{"start":{"line":70,"column":12},"end":{"line":70,"column":19}},{"start":{"line":70,"column":23},"end":{"line":70,"column":32}}],"line":70},"18":{"loc":{"start":{"line":75,"column":13},"end":{"line":89,"column":7}},"type":"if","locations":[{"start":{"line":75,"column":13},"end":{"line":89,"column":7}},{"start":{},"end":{}}],"line":75},"19":{"loc":{"start":{"line":78,"column":8},"end":{"line":87,"column":9}},"type":"if","locations":[{"start":{"line":78,"column":8},"end":{"line":87,"column":9}},{"start":{},"end":{}}],"line":78},"20":{"loc":{"start":{"line":92,"column":37},"end":{"line":92,"column":55}},"type":"default-arg","locations":[{"start":{"line":92,"column":53},"end":{"line":92,"column":55}}],"line":92},"21":{"loc":{"start":{"line":94,"column":8},"end":{"line":95,"column":59}},"type":"binary-expr","locations":[{"start":{"line":94,"column":9},"end":{"line":94,"column":49}},{"start":{"line":95,"column":10},"end":{"line":95,"column":59}}],"line":94},"22":{"loc":{"start":{"line":99,"column":6},"end":{"line":99,"column":43}},"type":"if","locations":[{"start":{"line":99,"column":6},"end":{"line":99,"column":43}},{"start":{},"end":{}}],"line":99},"23":{"loc":{"start":{"line":100,"column":6},"end":{"line":100,"column":49}},"type":"if","locations":[{"start":{"line":100,"column":6},"end":{"line":100,"column":49}},{"start":{},"end":{}}],"line":100},"24":{"loc":{"start":{"line":101,"column":6},"end":{"line":101,"column":53}},"type":"if","locations":[{"start":{"line":101,"column":6},"end":{"line":101,"column":53}},{"start":{},"end":{}}],"line":101},"25":{"loc":{"start":{"line":103,"column":6},"end":{"line":141,"column":7}},"type":"if","locations":[{"start":{"line":103,"column":6},"end":{"line":141,"column":7}},{"start":{"line":105,"column":13},"end":{"line":141,"column":7}}],"line":103},"26":{"loc":{"start":{"line":105,"column":13},"end":{"line":141,"column":7}},"type":"if","locations":[{"start":{"line":105,"column":13},"end":{"line":141,"column":7}},{"start":{"line":127,"column":13},"end":{"line":141,"column":7}}],"line":105},"27":{"loc":{"start":{"line":106,"column":8},"end":{"line":114,"column":9}},"type":"if","locations":[{"start":{"line":106,"column":8},"end":{"line":114,"column":9}},{"start":{},"end":{}}],"line":106},"28":{"loc":{"start":{"line":108,"column":10},"end":{"line":112,"column":11}},"type":"if","locations":[{"start":{"line":108,"column":10},"end":{"line":112,"column":11}},{"start":{},"end":{}}],"line":108},"29":{"loc":{"start":{"line":115,"column":8},"end":{"line":117,"column":9}},"type":"if","locations":[{"start":{"line":115,"column":8},"end":{"line":117,"column":9}},{"start":{},"end":{}}],"line":115},"30":{"loc":{"start":{"line":118,"column":8},"end":{"line":120,"column":9}},"type":"if","locations":[{"start":{"line":118,"column":8},"end":{"line":120,"column":9}},{"start":{},"end":{}}],"line":118},"31":{"loc":{"start":{"line":119,"column":52},"end":{"line":119,"column":94}},"type":"binary-expr","locations":[{"start":{"line":119,"column":52},"end":{"line":119,"column":71}},{"start":{"line":119,"column":75},"end":{"line":119,"column":94}}],"line":119},"32":{"loc":{"start":{"line":121,"column":8},"end":{"line":125,"column":9}},"type":"if","locations":[{"start":{"line":121,"column":8},"end":{"line":125,"column":9}},{"start":{},"end":{}}],"line":121},"33":{"loc":{"start":{"line":127,"column":13},"end":{"line":141,"column":7}},"type":"if","locations":[{"start":{"line":127,"column":13},"end":{"line":141,"column":7}},{"start":{"line":139,"column":13},"end":{"line":141,"column":7}}],"line":127},"34":{"loc":{"start":{"line":133,"column":12},"end":{"line":133,"column":62}},"type":"if","locations":[{"start":{"line":133,"column":12},"end":{"line":133,"column":62}},{"start":{},"end":{}}],"line":133},"35":{"loc":{"start":{"line":139,"column":13},"end":{"line":141,"column":7}},"type":"if","locations":[{"start":{"line":139,"column":13},"end":{"line":141,"column":7}},{"start":{},"end":{}}],"line":139},"36":{"loc":{"start":{"line":144,"column":39},"end":{"line":144,"column":57}},"type":"default-arg","locations":[{"start":{"line":144,"column":55},"end":{"line":144,"column":57}}],"line":144},"37":{"loc":{"start":{"line":146,"column":8},"end":{"line":147,"column":59}},"type":"binary-expr","locations":[{"start":{"line":146,"column":9},"end":{"line":146,"column":49}},{"start":{"line":147,"column":10},"end":{"line":147,"column":59}}],"line":146},"38":{"loc":{"start":{"line":151,"column":6},"end":{"line":151,"column":43}},"type":"if","locations":[{"start":{"line":151,"column":6},"end":{"line":151,"column":43}},{"start":{},"end":{}}],"line":151},"39":{"loc":{"start":{"line":152,"column":6},"end":{"line":152,"column":49}},"type":"if","locations":[{"start":{"line":152,"column":6},"end":{"line":152,"column":49}},{"start":{},"end":{}}],"line":152},"40":{"loc":{"start":{"line":153,"column":6},"end":{"line":153,"column":53}},"type":"if","locations":[{"start":{"line":153,"column":6},"end":{"line":153,"column":53}},{"start":{},"end":{}}],"line":153},"41":{"loc":{"start":{"line":155,"column":6},"end":{"line":174,"column":7}},"type":"if","locations":[{"start":{"line":155,"column":6},"end":{"line":174,"column":7}},{"start":{"line":166,"column":13},"end":{"line":174,"column":7}}],"line":155},"42":{"loc":{"start":{"line":156,"column":8},"end":{"line":165,"column":9}},"type":"if","locations":[{"start":{"line":156,"column":8},"end":{"line":165,"column":9}},{"start":{"line":161,"column":15},"end":{"line":165,"column":9}}],"line":156},"43":{"loc":{"start":{"line":159,"column":12},"end":{"line":159,"column":100}},"type":"binary-expr","locations":[{"start":{"line":159,"column":12},"end":{"line":159,"column":92}},{"start":{"line":159,"column":96},"end":{"line":159,"column":100}}],"line":159},"44":{"loc":{"start":{"line":159,"column":42},"end":{"line":159,"column":91}},"type":"binary-expr","locations":[{"start":{"line":159,"column":42},"end":{"line":159,"column":66}},{"start":{"line":159,"column":70},"end":{"line":159,"column":91}}],"line":159},"45":{"loc":{"start":{"line":161,"column":15},"end":{"line":165,"column":9}},"type":"if","locations":[{"start":{"line":161,"column":15},"end":{"line":165,"column":9}},{"start":{"line":163,"column":15},"end":{"line":165,"column":9}}],"line":161},"46":{"loc":{"start":{"line":162,"column":17},"end":{"line":162,"column":77}},"type":"binary-expr","locations":[{"start":{"line":162,"column":17},"end":{"line":162,"column":69}},{"start":{"line":162,"column":73},"end":{"line":162,"column":77}}],"line":162},"47":{"loc":{"start":{"line":163,"column":15},"end":{"line":165,"column":9}},"type":"if","locations":[{"start":{"line":163,"column":15},"end":{"line":165,"column":9}},{"start":{},"end":{}}],"line":163},"48":{"loc":{"start":{"line":164,"column":17},"end":{"line":164,"column":80}},"type":"binary-expr","locations":[{"start":{"line":164,"column":17},"end":{"line":164,"column":72}},{"start":{"line":164,"column":76},"end":{"line":164,"column":80}}],"line":164},"49":{"loc":{"start":{"line":166,"column":13},"end":{"line":174,"column":7}},"type":"if","locations":[{"start":{"line":166,"column":13},"end":{"line":174,"column":7}},{"start":{},"end":{}}],"line":166},"50":{"loc":{"start":{"line":171,"column":30},"end":{"line":171,"column":94}},"type":"binary-expr","locations":[{"start":{"line":171,"column":30},"end":{"line":171,"column":50}},{"start":{"line":171,"column":54},"end":{"line":171,"column":73}},{"start":{"line":171,"column":77},"end":{"line":171,"column":94}}],"line":171}},"s":{"0":26,"1":26,"2":2,"3":2,"4":1,"5":2,"6":8,"7":8,"8":0,"9":8,"10":0,"11":8,"12":0,"13":8,"14":2,"15":2,"16":1,"17":2,"18":2,"19":2,"20":6,"21":1,"22":1,"23":0,"24":1,"25":1,"26":1,"27":5,"28":2,"29":2,"30":1,"31":1,"32":0,"33":1,"34":1,"35":2,"36":3,"37":1,"38":1,"39":1,"40":2,"41":1,"42":1,"43":2,"44":2,"45":2,"46":1,"47":2,"48":1,"49":1,"50":2,"51":0,"52":8,"53":8,"54":0,"55":8,"56":0,"57":8,"58":0,"59":8,"60":1,"61":7,"62":5,"63":2,"64":5,"65":2,"66":1,"67":1,"68":1,"69":3,"70":1,"71":2,"72":2,"73":1,"74":3,"75":1,"76":1,"77":1,"78":0,"79":2,"80":1,"81":1,"82":1,"83":4,"84":3,"85":2,"86":3,"87":1,"88":2,"89":1,"90":1,"91":1,"92":0,"93":7,"94":7,"95":0,"96":7,"97":0,"98":7,"99":0,"100":7,"101":4,"102":2,"103":1,"104":2,"105":1,"106":1,"107":1,"108":1,"109":1,"110":3,"111":2,"112":2,"113":2,"114":2,"115":3,"116":2,"117":2,"118":1,"119":1,"120":0,"121":26,"122":0,"123":0,"124":0,"125":0,"126":0,"127":0,"128":0,"129":0,"130":0,"131":0},"f":{"0":2,"1":8,"2":1,"3":0,"4":1,"5":0,"6":2,"7":1,"8":8,"9":5,"10":1,"11":2,"12":3,"13":1,"14":4,"15":3,"16":2,"17":1,"18":7,"19":1,"20":1,"21":1,"22":3,"23":2,"24":1,"25":0},"b":{"0":[26,0],"1":[1,1],"2":[0],"3":[8,0],"4":[0,8],"5":[0,8],"6":[0,8],"7":[2,6],"8":[1,1],"9":[1,5],"10":[0,1],"11":[2,3],"12":[5,4],"13":[1,1],"14":[0,1],"15":[1,2],"16":[1,0],"17":[1,1],"18":[2,0],"19":[1,1],"20":[0],"21":[8,0],"22":[0,8],"23":[0,8],"24":[0,8],"25":[1,7],"26":[5,2],"27":[2,3],"28":[1,1],"29":[1,2],"30":[1,1],"31":[3,3],"32":[1,0],"33":[1,1],"34":[2,1],"35":[1,0],"36":[0],"37":[7,0],"38":[0,7],"39":[0,7],"40":[0,7],"41":[4,3],"42":[2,2],"43":[2,1],"44":[1,0],"45":[1,1],"46":[1,0],"47":[1,0],"48":[1,0],"49":[2,1],"50":[3,2,2]},"_coverageSchema":"1a1c01bbd47fc00a2c39e90264f33305004495a9","hash":"5fd5280eb3a65d2ba29db6ccfb37961bf681e044"}
,"/home/runner/work/Gastos/Gastos/src/database/migrations/migrationService.ts": {"path":"/home/runner/work/Gastos/Gastos/src/database/migrations/migrationService.ts","statementMap":{"0":{"start":{"line":6,"column":32},"end":{"line":71,"column":1}},"1":{"start":{"line":10,"column":6},"end":{"line":12,"column":8}},"2":{"start":{"line":18,"column":6},"end":{"line":30,"column":9}},"3":{"start":{"line":36,"column":6},"end":{"line":46,"column":9}},"4":{"start":{"line":52,"column":6},"end":{"line":54,"column":8}},"5":{"start":{"line":55,"column":6},"end":{"line":57,"column":8}},"6":{"start":{"line":63,"column":6},"end":{"line":65,"column":8}},"7":{"start":{"line":66,"column":6},"end":{"line":68,"column":8}},"8":{"start":{"line":73,"column":29},"end":{"line":99,"column":1}},"9":{"start":{"line":75,"column":2},"end":{"line":80,"column":5}},"10":{"start":{"line":82,"column":2},"end":{"line":98,"column":3}},"11":{"start":{"line":83,"column":21},"end":{"line":85,"column":6}},"12":{"start":{"line":87,"column":4},"end":{"line":90,"column":5}},"13":{"start":{"line":89,"column":6},"end":{"line":89,"column":15}},"14":{"start":{"line":92,"column":4},"end":{"line":92,"column":27}},"15":{"start":{"line":94,"column":4},"end":{"line":97,"column":7}}},"fnMap":{"0":{"name":"(anonymous_0)","decl":{"start":{"line":9,"column":8},"end":{"line":9,"column":9}},"loc":{"start":{"line":9,"column":27},"end":{"line":13,"column":5}},"line":9},"1":{"name":"(anonymous_1)","decl":{"start":{"line":17,"column":8},"end":{"line":17,"column":9}},"loc":{"start":{"line":17,"column":27},"end":{"line":31,"column":5}},"line":17},"2":{"name":"(anonymous_2)","decl":{"start":{"line":35,"column":8},"end":{"line":35,"column":9}},"loc":{"start":{"line":35,"column":27},"end":{"line":47,"column":5}},"line":35},"3":{"name":"(anonymous_3)","decl":{"start":{"line":51,"column":8},"end":{"line":51,"column":9}},"loc":{"start":{"line":51,"column":27},"end":{"line":58,"column":5}},"line":51},"4":{"name":"(anonymous_4)","decl":{"start":{"line":62,"column":8},"end":{"line":62,"column":9}},"loc":{"start":{"line":62,"column":27},"end":{"line":69,"column":5}},"line":62},"5":{"name":"(anonymous_5)","decl":{"start":{"line":73,"column":29},"end":{"line":73,"column":30}},"loc":{"start":{"line":73,"column":63},"end":{"line":99,"column":1}},"line":73}},"branchMap":{"0":{"loc":{"start":{"line":87,"column":4},"end":{"line":90,"column":5}},"type":"if","locations":[{"start":{"line":87,"column":4},"end":{"line":90,"column":5}},{"start":{},"end":{}}],"line":87}},"s":{"0":27,"1":6,"2":7,"3":7,"4":7,"5":7,"6":7,"7":7,"8":27,"9":8,"10":8,"11":40,"12":40,"13":6,"14":34,"15":34},"f":{"0":6,"1":7,"2":7,"3":7,"4":7,"5":8},"b":{"0":[6,34]},"_coverageSchema":"1a1c01bbd47fc00a2c39e90264f33305004495a9","hash":"1f43a2521e9088e1140be4bda3508f7b67907337"}
,"/home/runner/work/Gastos/Gastos/src/database/repositories/configRepository.ts": {"path":"/home/runner/work/Gastos/Gastos/src/database/repositories/configRepository.ts","statementMap":{"0":{"start":{"line":9,"column":32},"end":{"line":21,"column":1}},"1":{"start":{"line":14,"column":17},"end":{"line":17,"column":28}},"2":{"start":{"line":19,"column":2},"end":{"line":19,"column":27}},"3":{"start":{"line":19,"column":15},"end":{"line":19,"column":27}},"4":{"start":{"line":20,"column":2},"end":{"line":20,"column":16}},"5":{"start":{"line":27,"column":33},"end":{"line":32,"column":1}},"6":{"start":{"line":28,"column":2},"end":{"line":31,"column":4}}},"fnMap":{"0":{"name":"(anonymous_0)","decl":{"start":{"line":9,"column":32},"end":{"line":9,"column":33}},"loc":{"start":{"line":13,"column":36},"end":{"line":21,"column":1}},"line":13},"1":{"name":"(anonymous_1)","decl":{"start":{"line":27,"column":33},"end":{"line":27,"column":34}},"loc":{"start":{"line":27,"column":81},"end":{"line":32,"column":1}},"line":27}},"branchMap":{"0":{"loc":{"start":{"line":19,"column":2},"end":{"line":19,"column":27}},"type":"if","locations":[{"start":{"line":19,"column":2},"end":{"line":19,"column":27}},{"start":{},"end":{}}],"line":19}},"s":{"0":1,"1":5,"2":5,"3":3,"4":2,"5":1,"6":3},"f":{"0":5,"1":3},"b":{"0":[3,2]},"_coverageSchema":"1a1c01bbd47fc00a2c39e90264f33305004495a9","hash":"3856327622038a13359c13b58b4a82a1051496e2"}
,"/home/runner/work/Gastos/Gastos/src/database/repositories/expenseRepository.ts": {"path":"/home/runner/work/Gastos/Gastos/src/database/repositories/expenseRepository.ts","statementMap":{"0":{"start":{"line":16,"column":26},"end":{"line":29,"column":1}},"1":{"start":{"line":17,"column":17},"end":{"line":17,"column":41}},"2":{"start":{"line":18,"column":2},"end":{"line":18,"column":52}},"3":{"start":{"line":18,"column":15},"end":{"line":18,"column":52}},"4":{"start":{"line":20,"column":22},"end":{"line":20,"column":58}},"5":{"start":{"line":21,"column":25},"end":{"line":21,"column":53}},"6":{"start":{"line":22,"column":23},"end":{"line":22,"column":55}},"7":{"start":{"line":24,"column":17},"end":{"line":27,"column":3}},"8":{"start":{"line":28,"column":2},"end":{"line":28,"column":32}},"9":{"start":{"line":31,"column":30},"end":{"line":40,"column":1}},"10":{"start":{"line":32,"column":17},"end":{"line":32,"column":41}},"11":{"start":{"line":33,"column":2},"end":{"line":33,"column":52}},"12":{"start":{"line":33,"column":15},"end":{"line":33,"column":52}},"13":{"start":{"line":35,"column":17},"end":{"line":38,"column":17}},"14":{"start":{"line":39,"column":2},"end":{"line":39,"column":16}},"15":{"start":{"line":42,"column":34},"end":{"line":54,"column":1}},"16":{"start":{"line":43,"column":17},"end":{"line":43,"column":41}},"17":{"start":{"line":44,"column":2},"end":{"line":44,"column":52}},"18":{"start":{"line":44,"column":15},"end":{"line":44,"column":52}},"19":{"start":{"line":46,"column":20},"end":{"line":46,"column":66}},"20":{"start":{"line":47,"column":18},"end":{"line":47,"column":64}},"21":{"start":{"line":49,"column":17},"end":{"line":52,"column":17}},"22":{"start":{"line":53,"column":2},"end":{"line":53,"column":16}},"23":{"start":{"line":56,"column":37},"end":{"line":65,"column":1}},"24":{"start":{"line":57,"column":17},"end":{"line":57,"column":41}},"25":{"start":{"line":58,"column":2},"end":{"line":58,"column":52}},"26":{"start":{"line":58,"column":15},"end":{"line":58,"column":52}},"27":{"start":{"line":60,"column":17},"end":{"line":63,"column":17}},"28":{"start":{"line":64,"column":2},"end":{"line":64,"column":16}},"29":{"start":{"line":67,"column":29},"end":{"line":75,"column":1}},"30":{"start":{"line":71,"column":2},"end":{"line":74,"column":4}},"31":{"start":{"line":77,"column":29},"end":{"line":79,"column":1}},"32":{"start":{"line":78,"column":2},"end":{"line":78,"column":63}},"33":{"start":{"line":81,"column":34},"end":{"line":90,"column":1}},"34":{"start":{"line":82,"column":17},"end":{"line":82,"column":41}},"35":{"start":{"line":83,"column":2},"end":{"line":83,"column":52}},"36":{"start":{"line":83,"column":15},"end":{"line":83,"column":52}},"37":{"start":{"line":85,"column":17},"end":{"line":88,"column":45}},"38":{"start":{"line":89,"column":2},"end":{"line":89,"column":16}},"39":{"start":{"line":92,"column":31},"end":{"line":104,"column":1}},"40":{"start":{"line":93,"column":17},"end":{"line":93,"column":41}},"41":{"start":{"line":94,"column":2},"end":{"line":94,"column":52}},"42":{"start":{"line":94,"column":15},"end":{"line":94,"column":52}},"43":{"start":{"line":96,"column":20},"end":{"line":96,"column":66}},"44":{"start":{"line":97,"column":18},"end":{"line":97,"column":64}},"45":{"start":{"line":99,"column":17},"end":{"line":102,"column":32}},"46":{"start":{"line":103,"column":2},"end":{"line":103,"column":28}},"47":{"start":{"line":115,"column":29},"end":{"line":128,"column":1}},"48":{"start":{"line":116,"column":2},"end":{"line":122,"column":3}},"49":{"start":{"line":117,"column":19},"end":{"line":120,"column":20}},"50":{"start":{"line":121,"column":4},"end":{"line":121,"column":18}},"51":{"start":{"line":123,"column":17},"end":{"line":126,"column":18}},"52":{"start":{"line":127,"column":2},"end":{"line":127,"column":16}},"53":{"start":{"line":130,"column":27},"end":{"line":141,"column":1}},"54":{"start":{"line":136,"column":17},"end":{"line":139,"column":3}},"55":{"start":{"line":140,"column":2},"end":{"line":140,"column":91}},"56":{"start":{"line":143,"column":37},"end":{"line":177,"column":1}},"57":{"start":{"line":147,"column":17},"end":{"line":147,"column":41}},"58":{"start":{"line":148,"column":2},"end":{"line":148,"column":52}},"59":{"start":{"line":148,"column":15},"end":{"line":148,"column":52}},"60":{"start":{"line":150,"column":20},"end":{"line":150,"column":66}},"61":{"start":{"line":151,"column":18},"end":{"line":151,"column":64}},"62":{"start":{"line":153,"column":2},"end":{"line":176,"column":3}},"63":{"start":{"line":154,"column":17},"end":{"line":160,"column":51}},"64":{"start":{"line":162,"column":17},"end":{"line":162,"column":18}},"65":{"start":{"line":163,"column":21},"end":{"line":163,"column":22}},"66":{"start":{"line":164,"column":4},"end":{"line":170,"column":5}},"67":{"start":{"line":165,"column":6},"end":{"line":169,"column":7}},"68":{"start":{"line":166,"column":8},"end":{"line":166,"column":27}},"69":{"start":{"line":168,"column":8},"end":{"line":168,"column":31}},"70":{"start":{"line":171,"column":4},"end":{"line":171,"column":34}},"71":{"start":{"line":174,"column":25},"end":{"line":174,"column":59}},"72":{"start":{"line":175,"column":4},"end":{"line":175,"column":51}},"73":{"start":{"line":179,"column":33},"end":{"line":194,"column":1}},"74":{"start":{"line":180,"column":17},"end":{"line":180,"column":41}},"75":{"start":{"line":181,"column":2},"end":{"line":181,"column":52}},"76":{"start":{"line":181,"column":15},"end":{"line":181,"column":52}},"77":{"start":{"line":183,"column":16},"end":{"line":183,"column":54}},"78":{"start":{"line":184,"column":20},"end":{"line":184,"column":66}},"79":{"start":{"line":185,"column":18},"end":{"line":185,"column":64}},"80":{"start":{"line":187,"column":17},"end":{"line":191,"column":32}},"81":{"start":{"line":193,"column":2},"end":{"line":193,"column":28}}},"fnMap":{"0":{"name":"(anonymous_0)","decl":{"start":{"line":16,"column":26},"end":{"line":16,"column":27}},"loc":{"start":{"line":16,"column":95},"end":{"line":29,"column":1}},"line":16},"1":{"name":"(anonymous_1)","decl":{"start":{"line":31,"column":30},"end":{"line":31,"column":31}},"loc":{"start":{"line":31,"column":62},"end":{"line":40,"column":1}},"line":31},"2":{"name":"(anonymous_2)","decl":{"start":{"line":42,"column":34},"end":{"line":42,"column":35}},"loc":{"start":{"line":42,"column":93},"end":{"line":54,"column":1}},"line":42},"3":{"name":"(anonymous_3)","decl":{"start":{"line":56,"column":37},"end":{"line":56,"column":38}},"loc":{"start":{"line":56,"column":85},"end":{"line":65,"column":1}},"line":56},"4":{"name":"(anonymous_4)","decl":{"start":{"line":67,"column":29},"end":{"line":67,"column":30}},"loc":{"start":{"line":70,"column":20},"end":{"line":75,"column":1}},"line":70},"5":{"name":"(anonymous_5)","decl":{"start":{"line":77,"column":29},"end":{"line":77,"column":30}},"loc":{"start":{"line":77,"column":66},"end":{"line":79,"column":1}},"line":77},"6":{"name":"(anonymous_6)","decl":{"start":{"line":81,"column":34},"end":{"line":81,"column":35}},"loc":{"start":{"line":81,"column":94},"end":{"line":90,"column":1}},"line":81},"7":{"name":"(anonymous_7)","decl":{"start":{"line":92,"column":31},"end":{"line":92,"column":32}},"loc":{"start":{"line":92,"column":87},"end":{"line":104,"column":1}},"line":92},"8":{"name":"(anonymous_8)","decl":{"start":{"line":115,"column":29},"end":{"line":115,"column":30}},"loc":{"start":{"line":115,"column":77},"end":{"line":128,"column":1}},"line":115},"9":{"name":"(anonymous_9)","decl":{"start":{"line":130,"column":27},"end":{"line":130,"column":28}},"loc":{"start":{"line":135,"column":24},"end":{"line":141,"column":1}},"line":135},"10":{"name":"(anonymous_10)","decl":{"start":{"line":143,"column":37},"end":{"line":143,"column":38}},"loc":{"start":{"line":146,"column":54},"end":{"line":177,"column":1}},"line":146},"11":{"name":"(anonymous_11)","decl":{"start":{"line":179,"column":33},"end":{"line":179,"column":34}},"loc":{"start":{"line":179,"column":89},"end":{"line":194,"column":1}},"line":179}},"branchMap":{"0":{"loc":{"start":{"line":18,"column":2},"end":{"line":18,"column":52}},"type":"if","locations":[{"start":{"line":18,"column":2},"end":{"line":18,"column":52}},{"start":{},"end":{}}],"line":18},"1":{"loc":{"start":{"line":20,"column":22},"end":{"line":20,"column":58}},"type":"binary-expr","locations":[{"start":{"line":20,"column":22},"end":{"line":20,"column":42}},{"start":{"line":20,"column":46},"end":{"line":20,"column":58}}],"line":20},"2":{"loc":{"start":{"line":21,"column":25},"end":{"line":21,"column":53}},"type":"binary-expr","locations":[{"start":{"line":21,"column":25},"end":{"line":21,"column":48}},{"start":{"line":21,"column":52},"end":{"line":21,"column":53}}],"line":21},"3":{"loc":{"start":{"line":22,"column":23},"end":{"line":22,"column":55}},"type":"binary-expr","locations":[{"start":{"line":22,"column":23},"end":{"line":22,"column":44}},{"start":{"line":22,"column":48},"end":{"line":22,"column":55}}],"line":22},"4":{"loc":{"start":{"line":33,"column":2},"end":{"line":33,"column":52}},"type":"if","locations":[{"start":{"line":33,"column":2},"end":{"line":33,"column":52}},{"start":{},"end":{}}],"line":33},"5":{"loc":{"start":{"line":44,"column":2},"end":{"line":44,"column":52}},"type":"if","locations":[{"start":{"line":44,"column":2},"end":{"line":44,"column":52}},{"start":{},"end":{}}],"line":44},"6":{"loc":{"start":{"line":58,"column":2},"end":{"line":58,"column":52}},"type":"if","locations":[{"start":{"line":58,"column":2},"end":{"line":58,"column":52}},{"start":{},"end":{}}],"line":58},"7":{"loc":{"start":{"line":83,"column":2},"end":{"line":83,"column":52}},"type":"if","locations":[{"start":{"line":83,"column":2},"end":{"line":83,"column":52}},{"start":{},"end":{}}],"line":83},"8":{"loc":{"start":{"line":94,"column":2},"end":{"line":94,"column":52}},"type":"if","locations":[{"start":{"line":94,"column":2},"end":{"line":94,"column":52}},{"start":{},"end":{}}],"line":94},"9":{"loc":{"start":{"line":103,"column":9},"end":{"line":103,"column":27}},"type":"binary-expr","locations":[{"start":{"line":103,"column":9},"end":{"line":103,"column":22}},{"start":{"line":103,"column":26},"end":{"line":103,"column":27}}],"line":103},"10":{"loc":{"start":{"line":116,"column":2},"end":{"line":122,"column":3}},"type":"if","locations":[{"start":{"line":116,"column":2},"end":{"line":122,"column":3}},{"start":{},"end":{}}],"line":116},"11":{"loc":{"start":{"line":148,"column":2},"end":{"line":148,"column":52}},"type":"if","locations":[{"start":{"line":148,"column":2},"end":{"line":148,"column":52}},{"start":{},"end":{}}],"line":148},"12":{"loc":{"start":{"line":165,"column":6},"end":{"line":169,"column":7}},"type":"if","locations":[{"start":{"line":165,"column":6},"end":{"line":169,"column":7}},{"start":{"line":167,"column":13},"end":{"line":169,"column":7}}],"line":165},"13":{"loc":{"start":{"line":181,"column":2},"end":{"line":181,"column":52}},"type":"if","locations":[{"start":{"line":181,"column":2},"end":{"line":181,"column":52}},{"start":{},"end":{}}],"line":181},"14":{"loc":{"start":{"line":193,"column":9},"end":{"line":193,"column":27}},"type":"binary-expr","locations":[{"start":{"line":193,"column":9},"end":{"line":193,"column":22}},{"start":{"line":193,"column":26},"end":{"line":193,"column":27}}],"line":193}},"s":{"0":1,"1":3,"2":3,"3":1,"4":2,"5":2,"6":2,"7":2,"8":2,"9":1,"10":3,"11":3,"12":1,"13":2,"14":2,"15":1,"16":3,"17":3,"18":1,"19":2,"20":2,"21":2,"22":2,"23":1,"24":3,"25":3,"26":1,"27":2,"28":2,"29":1,"30":1,"31":1,"32":1,"33":1,"34":2,"35":2,"36":1,"37":1,"38":1,"39":1,"40":3,"41":3,"42":0,"43":3,"44":3,"45":3,"46":3,"47":1,"48":2,"49":1,"50":1,"51":1,"52":1,"53":1,"54":1,"55":1,"56":1,"57":4,"58":4,"59":1,"60":3,"61":3,"62":3,"63":3,"64":2,"65":2,"66":2,"67":3,"68":1,"69":2,"70":2,"71":1,"72":1,"73":1,"74":3,"75":3,"76":1,"77":2,"78":2,"79":2,"80":2,"81":2},"f":{"0":3,"1":3,"2":3,"3":3,"4":1,"5":1,"6":2,"7":3,"8":2,"9":1,"10":4,"11":3},"b":{"0":[1,2],"1":[2,1],"2":[2,1],"3":[2,1],"4":[1,2],"5":[1,2],"6":[1,2],"7":[1,1],"8":[0,3],"9":[3,1],"10":[1,1],"11":[1,3],"12":[1,2],"13":[1,2],"14":[2,1]},"_coverageSchema":"1a1c01bbd47fc00a2c39e90264f33305004495a9","hash":"6332417a351962b0abb7db7a4ff2611a45a5ffad"}
,"/home/runner/work/Gastos/Gastos/src/database/repositories/reimbursementRepository.ts": {"path":"/home/runner/work/Gastos/Gastos/src/database/repositories/reimbursementRepository.ts","statementMap":{"0":{"start":{"line":12,"column":20},"end":{"line":12,"column":66}},"1":{"start":{"line":13,"column":18},"end":{"line":13,"column":52}},"2":{"start":{"line":14,"column":18},"end":{"line":14,"column":97}},"3":{"start":{"line":16,"column":17},"end":{"line":19,"column":3}},"4":{"start":{"line":21,"column":2},"end":{"line":21,"column":48}},"5":{"start":{"line":21,"column":39},"end":{"line":21,"column":48}},"6":{"start":{"line":22,"column":2},"end":{"line":22,"column":22}}},"fnMap":{"0":{"name":"getMonthlyReimbursements","decl":{"start":{"line":7,"column":22},"end":{"line":7,"column":46}},"loc":{"start":{"line":11,"column":19},"end":{"line":23,"column":1}},"line":11}},"branchMap":{"0":{"loc":{"start":{"line":21,"column":2},"end":{"line":21,"column":48}},"type":"if","locations":[{"start":{"line":21,"column":2},"end":{"line":21,"column":48}},{"start":{},"end":{}}],"line":21},"1":{"loc":{"start":{"line":21,"column":6},"end":{"line":21,"column":37}},"type":"binary-expr","locations":[{"start":{"line":21,"column":6},"end":{"line":21,"column":13}},{"start":{"line":21,"column":17},"end":{"line":21,"column":37}}],"line":21}},"s":{"0":7,"1":7,"2":7,"3":7,"4":7,"5":2,"6":5},"f":{"0":7},"b":{"0":[2,5],"1":[7,6]},"_coverageSchema":"1a1c01bbd47fc00a2c39e90264f33305004495a9","hash":"91a805b4fde0b02c4e9a72f05e1089d6e499363b"}
,"/home/runner/work/Gastos/Gastos/src/database/repositories/userRepository.ts": {"path":"/home/runner/work/Gastos/Gastos/src/database/repositories/userRepository.ts","statementMap":{"0":{"start":{"line":12,"column":21},"end":{"line":22,"column":1}},"1":{"start":{"line":16,"column":18},"end":{"line":16,"column":62}},"2":{"start":{"line":17,"column":17},"end":{"line":17,"column":18}},"3":{"start":{"line":18,"column":2},"end":{"line":20,"column":3}},"4":{"start":{"line":18,"column":15},"end":{"line":18,"column":16}},"5":{"start":{"line":19,"column":4},"end":{"line":19,"column":39}},"6":{"start":{"line":21,"column":2},"end":{"line":21,"column":34}},"7":{"start":{"line":24,"column":24},"end":{"line":33,"column":1}},"8":{"start":{"line":25,"column":2},"end":{"line":32,"column":3}},"9":{"start":{"line":26,"column":40},"end":{"line":26,"column":55}},"10":{"start":{"line":27,"column":20},"end":{"line":27,"column":48}},"11":{"start":{"line":28,"column":38},"end":{"line":28,"column":56}},"12":{"start":{"line":29,"column":4},"end":{"line":29,"column":70}},"13":{"start":{"line":31,"column":4},"end":{"line":31,"column":17}},"14":{"start":{"line":35,"column":24},"end":{"line":68,"column":1}},"15":{"start":{"line":40,"column":2},"end":{"line":67,"column":3}},"16":{"start":{"line":42,"column":25},"end":{"line":45,"column":5}},"17":{"start":{"line":47,"column":4},"end":{"line":49,"column":5}},"18":{"start":{"line":48,"column":6},"end":{"line":48,"column":54}},"19":{"start":{"line":51,"column":27},"end":{"line":51,"column":55}},"20":{"start":{"line":53,"column":19},"end":{"line":56,"column":5}},"21":{"start":{"line":58,"column":20},"end":{"line":61,"column":5}},"22":{"start":{"line":63,"column":4},"end":{"line":63,"column":19}},"23":{"start":{"line":65,"column":4},"end":{"line":65,"column":52}},"24":{"start":{"line":66,"column":4},"end":{"line":66,"column":16}},"25":{"start":{"line":70,"column":21},"end":{"line":106,"column":1}},"26":{"start":{"line":71,"column":2},"end":{"line":105,"column":3}},"27":{"start":{"line":72,"column":17},"end":{"line":72,"column":87}},"28":{"start":{"line":74,"column":4},"end":{"line":76,"column":5}},"29":{"start":{"line":75,"column":6},"end":{"line":75,"column":58}},"30":{"start":{"line":78,"column":26},"end":{"line":78,"column":72}},"31":{"start":{"line":80,"column":4},"end":{"line":82,"column":5}},"32":{"start":{"line":81,"column":6},"end":{"line":81,"column":58}},"33":{"start":{"line":85,"column":4},"end":{"line":85,"column":68}},"34":{"start":{"line":86,"column":4},"end":{"line":94,"column":6}},"35":{"start":{"line":96,"column":4},"end":{"line":101,"column":6}},"36":{"start":{"line":103,"column":4},"end":{"line":103,"column":46}},"37":{"start":{"line":104,"column":4},"end":{"line":104,"column":16}},"38":{"start":{"line":108,"column":22},"end":{"line":116,"column":1}},"39":{"start":{"line":109,"column":2},"end":{"line":115,"column":3}},"40":{"start":{"line":110,"column":4},"end":{"line":110,"column":51}},"41":{"start":{"line":111,"column":4},"end":{"line":111,"column":49}},"42":{"start":{"line":113,"column":4},"end":{"line":113,"column":47}},"43":{"start":{"line":114,"column":4},"end":{"line":114,"column":16}},"44":{"start":{"line":118,"column":30},"end":{"line":129,"column":1}},"45":{"start":{"line":119,"column":2},"end":{"line":128,"column":3}},"46":{"start":{"line":120,"column":24},"end":{"line":120,"column":65}},"47":{"start":{"line":121,"column":4},"end":{"line":123,"column":5}},"48":{"start":{"line":122,"column":6},"end":{"line":122,"column":37}},"49":{"start":{"line":124,"column":4},"end":{"line":124,"column":16}},"50":{"start":{"line":126,"column":4},"end":{"line":126,"column":56}},"51":{"start":{"line":127,"column":4},"end":{"line":127,"column":16}},"52":{"start":{"line":131,"column":32},"end":{"line":139,"column":1}},"53":{"start":{"line":132,"column":2},"end":{"line":138,"column":3}},"54":{"start":{"line":133,"column":19},"end":{"line":133,"column":62}},"55":{"start":{"line":134,"column":4},"end":{"line":134,"column":44}},"56":{"start":{"line":136,"column":4},"end":{"line":136,"column":59}},"57":{"start":{"line":137,"column":4},"end":{"line":137,"column":16}}},"fnMap":{"0":{"name":"(anonymous_0)","decl":{"start":{"line":12,"column":21},"end":{"line":12,"column":22}},"loc":{"start":{"line":12,"column":66},"end":{"line":22,"column":1}},"line":12},"1":{"name":"(anonymous_1)","decl":{"start":{"line":24,"column":24},"end":{"line":24,"column":25}},"loc":{"start":{"line":24,"column":84},"end":{"line":33,"column":1}},"line":24},"2":{"name":"(anonymous_2)","decl":{"start":{"line":35,"column":24},"end":{"line":35,"column":25}},"loc":{"start":{"line":39,"column":27},"end":{"line":68,"column":1}},"line":39},"3":{"name":"(anonymous_3)","decl":{"start":{"line":70,"column":21},"end":{"line":70,"column":22}},"loc":{"start":{"line":70,"column":86},"end":{"line":106,"column":1}},"line":70},"4":{"name":"(anonymous_4)","decl":{"start":{"line":108,"column":22},"end":{"line":108,"column":23}},"loc":{"start":{"line":108,"column":49},"end":{"line":116,"column":1}},"line":108},"5":{"name":"(anonymous_5)","decl":{"start":{"line":118,"column":30},"end":{"line":118,"column":31}},"loc":{"start":{"line":118,"column":64},"end":{"line":129,"column":1}},"line":118},"6":{"name":"(anonymous_6)","decl":{"start":{"line":131,"column":32},"end":{"line":131,"column":33}},"loc":{"start":{"line":131,"column":68},"end":{"line":139,"column":1}},"line":131}},"branchMap":{"0":{"loc":{"start":{"line":29,"column":11},"end":{"line":29,"column":69}},"type":"binary-expr","locations":[{"start":{"line":29,"column":11},"end":{"line":29,"column":33}},{"start":{"line":29,"column":37},"end":{"line":29,"column":69}}],"line":29},"1":{"loc":{"start":{"line":47,"column":4},"end":{"line":49,"column":5}},"type":"if","locations":[{"start":{"line":47,"column":4},"end":{"line":49,"column":5}},{"start":{},"end":{}}],"line":47},"2":{"loc":{"start":{"line":74,"column":4},"end":{"line":76,"column":5}},"type":"if","locations":[{"start":{"line":74,"column":4},"end":{"line":76,"column":5}},{"start":{},"end":{}}],"line":74},"3":{"loc":{"start":{"line":80,"column":4},"end":{"line":82,"column":5}},"type":"if","locations":[{"start":{"line":80,"column":4},"end":{"line":82,"column":5}},{"start":{},"end":{}}],"line":80},"4":{"loc":{"start":{"line":121,"column":4},"end":{"line":123,"column":5}},"type":"if","locations":[{"start":{"line":121,"column":4},"end":{"line":123,"column":5}},{"start":{},"end":{}}],"line":121},"5":{"loc":{"start":{"line":134,"column":11},"end":{"line":134,"column":43}},"type":"cond-expr","locations":[{"start":{"line":134,"column":20},"end":{"line":134,"column":36}},{"start":{"line":134,"column":39},"end":{"line":134,"column":43}}],"line":134}},"s":{"0":1,"1":3,"2":3,"3":3,"4":3,"5":32,"6":3,"7":1,"8":2,"9":2,"10":2,"11":2,"12":2,"13":0,"14":1,"15":3,"16":3,"17":3,"18":2,"19":1,"20":1,"21":1,"22":1,"23":2,"24":2,"25":1,"26":3,"27":3,"28":3,"29":1,"30":2,"31":2,"32":1,"33":1,"34":1,"35":1,"36":2,"37":2,"38":1,"39":1,"40":1,"41":1,"42":0,"43":0,"44":1,"45":2,"46":2,"47":2,"48":1,"49":1,"50":0,"51":0,"52":1,"53":2,"54":2,"55":2,"56":0,"57":0},"f":{"0":3,"1":2,"2":3,"3":3,"4":1,"5":2,"6":2},"b":{"0":[2,1],"1":[2,1],"2":[1,2],"3":[1,1],"4":[1,1],"5":[1,1]},"_coverageSchema":"1a1c01bbd47fc00a2c39e90264f33305004495a9","hash":"3d3e96790c9ebc417671ada152680c2ea0c5cafe"}
,"/home/runner/work/Gastos/Gastos/src/features/expenses/services/exportService.ts": {"path":"/home/runner/work/Gastos/Gastos/src/features/expenses/services/exportService.ts","statementMap":{"0":{"start":{"line":31,"column":22},"end":{"line":37,"column":1}},"1":{"start":{"line":32,"column":14},"end":{"line":32,"column":33}},"2":{"start":{"line":33,"column":2},"end":{"line":35,"column":3}},"3":{"start":{"line":34,"column":4},"end":{"line":34,"column":42}},"4":{"start":{"line":36,"column":2},"end":{"line":36,"column":13}},"5":{"start":{"line":39,"column":17},"end":{"line":51,"column":1}},"6":{"start":{"line":40,"column":18},"end":{"line":40,"column":70}},"7":{"start":{"line":42,"column":15},"end":{"line":48,"column":4}},"8":{"start":{"line":42,"column":35},"end":{"line":48,"column":3}},"9":{"start":{"line":50,"column":2},"end":{"line":50,"column":73}},"10":{"start":{"line":50,"column":48},"end":{"line":50,"column":59}},"11":{"start":{"line":64,"column":22},"end":{"line":75,"column":1}},"12":{"start":{"line":65,"column":14},"end":{"line":65,"column":22}},"13":{"start":{"line":66,"column":15},"end":{"line":66,"column":80}},"14":{"start":{"line":67,"column":14},"end":{"line":67,"column":39}},"15":{"start":{"line":68,"column":15},"end":{"line":68,"column":42}},"16":{"start":{"line":69,"column":2},"end":{"line":69,"column":18}},"17":{"start":{"line":70,"column":2},"end":{"line":70,"column":27}},"18":{"start":{"line":71,"column":2},"end":{"line":71,"column":34}},"19":{"start":{"line":72,"column":2},"end":{"line":72,"column":15}},"20":{"start":{"line":73,"column":2},"end":{"line":73,"column":34}},"21":{"start":{"line":74,"column":2},"end":{"line":74,"column":27}},"22":{"start":{"line":77,"column":22},"end":{"line":82,"column":1}},"23":{"start":{"line":78,"column":2},"end":{"line":81,"column":5}},"24":{"start":{"line":96,"column":30},"end":{"line":144,"column":1}},"25":{"start":{"line":100,"column":39},"end":{"line":100,"column":46}},"26":{"start":{"line":103,"column":17},"end":{"line":103,"column":30}},"27":{"start":{"line":105,"column":2},"end":{"line":108,"column":3}},"28":{"start":{"line":106,"column":19},"end":{"line":106,"column":76}},"29":{"start":{"line":107,"column":4},"end":{"line":107,"column":65}},"30":{"start":{"line":107,"column":38},"end":{"line":107,"column":63}},"31":{"start":{"line":110,"column":2},"end":{"line":112,"column":3}},"32":{"start":{"line":111,"column":4},"end":{"line":111,"column":78}},"33":{"start":{"line":119,"column":2},"end":{"line":128,"column":3}},"34":{"start":{"line":122,"column":6},"end":{"line":122,"column":35}},"35":{"start":{"line":123,"column":6},"end":{"line":123,"column":28}},"36":{"start":{"line":124,"column":6},"end":{"line":124,"column":18}},"37":{"start":{"line":125,"column":6},"end":{"line":125,"column":12}},"38":{"start":{"line":131,"column":16},"end":{"line":131,"column":54}},"39":{"start":{"line":133,"column":4},"end":{"line":135,"column":18}},"40":{"start":{"line":136,"column":24},"end":{"line":136,"column":70}},"41":{"start":{"line":139,"column":2},"end":{"line":143,"column":3}},"42":{"start":{"line":140,"column":4},"end":{"line":140,"column":52}},"43":{"start":{"line":142,"column":4},"end":{"line":142,"column":48}}},"fnMap":{"0":{"name":"(anonymous_0)","decl":{"start":{"line":31,"column":22},"end":{"line":31,"column":23}},"loc":{"start":{"line":31,"column":70},"end":{"line":37,"column":1}},"line":31},"1":{"name":"(anonymous_1)","decl":{"start":{"line":39,"column":17},"end":{"line":39,"column":18}},"loc":{"start":{"line":39,"column":50},"end":{"line":51,"column":1}},"line":39},"2":{"name":"(anonymous_2)","decl":{"start":{"line":42,"column":28},"end":{"line":42,"column":29}},"loc":{"start":{"line":42,"column":35},"end":{"line":48,"column":3}},"line":42},"3":{"name":"(anonymous_3)","decl":{"start":{"line":50,"column":41},"end":{"line":50,"column":42}},"loc":{"start":{"line":50,"column":48},"end":{"line":50,"column":59}},"line":50},"4":{"name":"(anonymous_4)","decl":{"start":{"line":64,"column":22},"end":{"line":64,"column":23}},"loc":{"start":{"line":64,"column":85},"end":{"line":75,"column":1}},"line":64},"5":{"name":"(anonymous_5)","decl":{"start":{"line":77,"column":22},"end":{"line":77,"column":23}},"loc":{"start":{"line":77,"column":82},"end":{"line":82,"column":1}},"line":77},"6":{"name":"(anonymous_6)","decl":{"start":{"line":96,"column":30},"end":{"line":96,"column":31}},"loc":{"start":{"line":99,"column":20},"end":{"line":144,"column":1}},"line":99},"7":{"name":"(anonymous_7)","decl":{"start":{"line":107,"column":31},"end":{"line":107,"column":32}},"loc":{"start":{"line":107,"column":38},"end":{"line":107,"column":63}},"line":107}},"branchMap":{"0":{"loc":{"start":{"line":32,"column":21},"end":{"line":32,"column":32}},"type":"binary-expr","locations":[{"start":{"line":32,"column":21},"end":{"line":32,"column":26}},{"start":{"line":32,"column":30},"end":{"line":32,"column":32}}],"line":32},"1":{"loc":{"start":{"line":33,"column":2},"end":{"line":35,"column":3}},"type":"if","locations":[{"start":{"line":33,"column":2},"end":{"line":35,"column":3}},{"start":{},"end":{}}],"line":33},"2":{"loc":{"start":{"line":33,"column":6},"end":{"line":33,"column":66}},"type":"binary-expr","locations":[{"start":{"line":33,"column":6},"end":{"line":33,"column":23}},{"start":{"line":33,"column":27},"end":{"line":33,"column":44}},{"start":{"line":33,"column":48},"end":{"line":33,"column":66}}],"line":33},"3":{"loc":{"start":{"line":105,"column":2},"end":{"line":108,"column":3}},"type":"if","locations":[{"start":{"line":105,"column":2},"end":{"line":108,"column":3}},{"start":{},"end":{}}],"line":105},"4":{"loc":{"start":{"line":105,"column":6},"end":{"line":105,"column":76}},"type":"binary-expr","locations":[{"start":{"line":105,"column":6},"end":{"line":105,"column":29}},{"start":{"line":105,"column":33},"end":{"line":105,"column":52}},{"start":{"line":105,"column":56},"end":{"line":105,"column":76}}],"line":105},"5":{"loc":{"start":{"line":110,"column":2},"end":{"line":112,"column":3}},"type":"if","locations":[{"start":{"line":110,"column":2},"end":{"line":112,"column":3}},{"start":{},"end":{}}],"line":110},"6":{"loc":{"start":{"line":119,"column":2},"end":{"line":128,"column":3}},"type":"switch","locations":[{"start":{"line":120,"column":4},"end":{"line":120,"column":15}},{"start":{"line":121,"column":4},"end":{"line":125,"column":12}}],"line":119},"7":{"loc":{"start":{"line":133,"column":4},"end":{"line":135,"column":18}},"type":"cond-expr","locations":[{"start":{"line":134,"column":8},"end":{"line":134,"column":65}},{"start":{"line":135,"column":8},"end":{"line":135,"column":18}}],"line":133},"8":{"loc":{"start":{"line":136,"column":24},"end":{"line":136,"column":70}},"type":"binary-expr","locations":[{"start":{"line":136,"column":24},"end":{"line":136,"column":32}},{"start":{"line":136,"column":36},"end":{"line":136,"column":70}}],"line":136},"9":{"loc":{"start":{"line":139,"column":2},"end":{"line":143,"column":3}},"type":"if","locations":[{"start":{"line":139,"column":2},"end":{"line":143,"column":3}},{"start":{"line":141,"column":9},"end":{"line":143,"column":3}}],"line":139}},"s":{"0":1,"1":165,"2":165,"3":11,"4":154,"5":1,"6":13,"7":13,"8":33,"9":13,"10":33,"11":1,"12":11,"13":11,"14":11,"15":11,"16":11,"17":11,"18":11,"19":11,"20":11,"21":11,"22":1,"23":2,"24":1,"25":15,"26":15,"27":15,"28":3,"29":3,"30":9,"31":15,"32":2,"33":13,"34":13,"35":13,"36":13,"37":13,"38":13,"39":13,"40":13,"41":13,"42":11,"43":2},"f":{"0":165,"1":13,"2":33,"3":33,"4":11,"5":2,"6":15,"7":9},"b":{"0":[165,0],"1":[11,154],"2":[165,156,155],"3":[3,12],"4":[15,3,3],"5":[2,13],"6":[13,13],"7":[2,11],"8":[13,12],"9":[11,2]},"_coverageSchema":"1a1c01bbd47fc00a2c39e90264f33305004495a9","hash":"3f84832f0d676552bfbcc573f0554c875394b8c8"}
,"/home/runner/work/Gastos/Gastos/src/shared/theme/darkTheme.ts": {"path":"/home/runner/work/Gastos/Gastos/src/shared/theme/darkTheme.ts","statementMap":{"0":{"start":{"line":1,"column":25},"end":{"line":23,"column":10}}},"fnMap":{},"branchMap":{},"s":{"0":0},"f":{},"b":{}}
,"/home/runner/work/Gastos/Gastos/src/shared/types/database.ts": {"path":"/home/runner/work/Gastos/Gastos/src/shared/types/database.ts","statementMap":{"0":{"start":{"line":38,"column":2},"end":{"line":38,"column":57}},"1":{"start":{"line":38,"column":48},"end":{"line":38,"column":57}},"2":{"start":{"line":39,"column":2},"end":{"line":39,"column":66}},"3":{"start":{"line":50,"column":2},"end":{"line":50,"column":46}},"4":{"start":{"line":59,"column":2},"end":{"line":59,"column":76}},"5":{"start":{"line":59,"column":64},"end":{"line":59,"column":76}},"6":{"start":{"line":60,"column":2},"end":{"line":60,"column":46}},"7":{"start":{"line":68,"column":14},"end":{"line":68,"column":82}},"8":{"start":{"line":70,"column":16},"end":{"line":70,"column":67}},"9":{"start":{"line":71,"column":15},"end":{"line":71,"column":33}},"10":{"start":{"line":72,"column":22},"end":{"line":72,"column":68}},"11":{"start":{"line":73,"column":2},"end":{"line":73,"column":34}}},"fnMap":{"0":{"name":"calculateSavingsProgress","decl":{"start":{"line":34,"column":16},"end":{"line":34,"column":40}},"loc":{"start":{"line":37,"column":10},"end":{"line":40,"column":1}},"line":37},"1":{"name":"calculateTotalWithReimbursements","decl":{"start":{"line":46,"column":16},"end":{"line":46,"column":48}},"loc":{"start":{"line":49,"column":10},"end":{"line":51,"column":1}},"line":49},"2":{"name":"formatCurrency","decl":{"start":{"line":58,"column":16},"end":{"line":58,"column":30}},"loc":{"start":{"line":58,"column":55},"end":{"line":61,"column":1}},"line":58},"3":{"name":"formatMonthYear","decl":{"start":{"line":67,"column":16},"end":{"line":67,"column":31}},"loc":{"start":{"line":67,"column":52},"end":{"line":74,"column":1}},"line":67}},"branchMap":{"0":{"loc":{"start":{"line":38,"column":2},"end":{"line":38,"column":57}},"type":"if","locations":[{"start":{"line":38,"column":2},"end":{"line":38,"column":57}},{"start":{},"end":{}}],"line":38},"1":{"loc":{"start":{"line":38,"column":6},"end":{"line":38,"column":46}},"type":"binary-expr","locations":[{"start":{"line":38,"column":6},"end":{"line":38,"column":26}},{"start":{"line":38,"column":30},"end":{"line":38,"column":46}}],"line":38},"2":{"loc":{"start":{"line":59,"column":2},"end":{"line":59,"column":76}},"type":"if","locations":[{"start":{"line":59,"column":2},"end":{"line":59,"column":76}},{"start":{},"end":{}}],"line":59},"3":{"loc":{"start":{"line":59,"column":6},"end":{"line":59,"column":62}},"type":"binary-expr","locations":[{"start":{"line":59,"column":6},"end":{"line":59,"column":26}},{"start":{"line":59,"column":30},"end":{"line":59,"column":45}},{"start":{"line":59,"column":49},"end":{"line":59,"column":62}}],"line":59}},"s":{"0":15,"1":5,"2":10,"3":4,"4":6,"5":3,"6":3,"7":15,"8":15,"9":15,"10":15,"11":15},"f":{"0":15,"1":4,"2":6,"3":15},"b":{"0":[5,10],"1":[15,13],"2":[3,3],"3":[6,5,4]},"_coverageSchema":"1a1c01bbd47fc00a2c39e90264f33305004495a9","hash":"b9ffac9e7ba512b82b10a58e5c70febb0f184768"}
}
