TN:
SF:src/database/client.ts
FN:11,(anonymous_0)
FN:21,(anonymous_1)
FN:35,(anonymous_2)
FN:42,(anonymous_3)
FN:59,(anonymous_4)
FN:62,(anonymous_5)
FN:71,(anonymous_6)
FN:77,(anonymous_7)
FN:92,(anonymous_8)
FN:107,(anonymous_9)
FN:110,(anonymous_10)
FN:116,(anonymous_11)
FN:119,(anonymous_12)
FN:123,(anonymous_13)
FN:131,(anonymous_14)
FN:132,(anonymous_15)
FN:137,(anonymous_16)
FN:138,(anonymous_17)
FN:144,(anonymous_18)
FN:159,(anonymous_19)
FN:162,(anonymous_20)
FN:164,(anonymous_21)
FN:171,(anonymous_22)
FN:172,(anonymous_23)
FN:177,(anonymous_24)
FN:183,(anonymous_25)
FNF:26
FNH:23
FNDA:2,(anonymous_0)
FNDA:8,(anonymous_1)
FNDA:1,(anonymous_2)
FNDA:0,(anonymous_3)
FNDA:1,(anonymous_4)
FNDA:0,(anonymous_5)
FNDA:2,(anonymous_6)
FNDA:1,(anonymous_7)
FNDA:8,(anonymous_8)
FNDA:5,(anonymous_9)
FNDA:1,(anonymous_10)
FNDA:2,(anonymous_11)
FNDA:3,(anonymous_12)
FNDA:1,(anonymous_13)
FNDA:4,(anonymous_14)
FNDA:3,(anonymous_15)
FNDA:2,(anonymous_16)
FNDA:1,(anonymous_17)
FNDA:7,(anonymous_18)
FNDA:1,(anonymous_19)
FNDA:1,(anonymous_20)
FNDA:1,(anonymous_21)
FNDA:3,(anonymous_22)
FNDA:2,(anonymous_23)
FNDA:1,(anonymous_24)
FNDA:0,(anonymous_25)
DA:8,26
DA:10,26
DA:12,2
DA:13,2
DA:14,1
DA:19,2
DA:22,8
DA:28,8
DA:29,8
DA:30,8
DA:32,8
DA:33,2
DA:35,2
DA:36,2
DA:37,2
DA:38,2
DA:39,6
DA:40,1
DA:42,1
DA:43,1
DA:52,1
DA:53,1
DA:54,5
DA:58,2
DA:59,2
DA:61,1
DA:62,0
DA:64,1
DA:65,1
DA:67,2
DA:68,3
DA:69,1
DA:70,1
DA:71,2
DA:72,1
DA:74,1
DA:75,2
DA:76,2
DA:77,2
DA:78,2
DA:79,1
DA:86,1
DA:88,2
DA:90,0
DA:93,8
DA:99,8
DA:100,8
DA:101,8
DA:103,8
DA:104,1
DA:105,7
DA:106,5
DA:107,5
DA:108,2
DA:109,1
DA:110,1
DA:113,1
DA:115,3
DA:116,2
DA:118,2
DA:119,3
DA:121,1
DA:122,1
DA:123,1
DA:126,0
DA:127,2
DA:128,1
DA:129,1
DA:130,1
DA:131,4
DA:133,3
DA:134,3
DA:136,1
DA:137,2
DA:138,1
DA:139,1
DA:140,1
DA:142,0
DA:145,7
DA:151,7
DA:152,7
DA:153,7
DA:155,7
DA:156,4
DA:158,2
DA:159,1
DA:161,2
DA:162,1
DA:163,1
DA:164,1
DA:166,3
DA:167,2
DA:168,2
DA:169,2
DA:170,2
DA:171,3
DA:172,2
DA:173,2
DA:175,1
DA:177,1
DA:180,0
DA:183,26
DA:184,0
DA:185,0
DA:214,0
DA:223,0
DA:224,0
DA:232,0
DA:233,0
DA:235,0
DA:238,0
DA:240,0
LF:112
LH:97
BRDA:8,0,0,26
BRDA:8,0,1,0
BRDA:13,1,0,1
BRDA:13,1,1,1
BRDA:21,2,0,0
BRDA:23,3,0,8
BRDA:23,3,1,0
BRDA:28,4,0,0
BRDA:28,4,1,8
BRDA:29,5,0,0
BRDA:29,5,1,8
BRDA:30,6,0,0
BRDA:30,6,1,8
BRDA:32,7,0,2
BRDA:32,7,1,6
BRDA:35,8,0,1
BRDA:35,8,1,1
BRDA:39,9,0,1
BRDA:39,9,1,5
BRDA:42,10,0,0
BRDA:42,10,1,1
BRDA:54,11,0,2
BRDA:54,11,1,3
BRDA:55,12,0,5
BRDA:55,12,1,4
BRDA:59,13,0,1
BRDA:59,13,1,1
BRDA:61,14,0,0
BRDA:61,14,1,1
BRDA:68,15,0,1
BRDA:68,15,1,2
BRDA:70,16,0,1
BRDA:70,16,1,0
BRDA:70,17,0,1
BRDA:70,17,1,1
BRDA:75,18,0,2
BRDA:75,18,1,0
BRDA:78,19,0,1
BRDA:78,19,1,1
BRDA:92,20,0,0
BRDA:94,21,0,8
BRDA:94,21,1,0
BRDA:99,22,0,0
BRDA:99,22,1,8
BRDA:100,23,0,0
BRDA:100,23,1,8
BRDA:101,24,0,0
BRDA:101,24,1,8
BRDA:103,25,0,1
BRDA:103,25,1,7
BRDA:105,26,0,5
BRDA:105,26,1,2
BRDA:106,27,0,2
BRDA:106,27,1,3
BRDA:108,28,0,1
BRDA:108,28,1,1
BRDA:115,29,0,1
BRDA:115,29,1,2
BRDA:118,30,0,1
BRDA:118,30,1,1
BRDA:119,31,0,3
BRDA:119,31,1,3
BRDA:121,32,0,1
BRDA:121,32,1,0
BRDA:127,33,0,1
BRDA:127,33,1,1
BRDA:133,34,0,2
BRDA:133,34,1,1
BRDA:139,35,0,1
BRDA:139,35,1,0
BRDA:144,36,0,0
BRDA:146,37,0,7
BRDA:146,37,1,0
BRDA:151,38,0,0
BRDA:151,38,1,7
BRDA:152,39,0,0
BRDA:152,39,1,7
BRDA:153,40,0,0
BRDA:153,40,1,7
BRDA:155,41,0,4
BRDA:155,41,1,3
BRDA:156,42,0,2
BRDA:156,42,1,2
BRDA:159,43,0,2
BRDA:159,43,1,1
BRDA:159,44,0,1
BRDA:159,44,1,0
BRDA:161,45,0,1
BRDA:161,45,1,1
BRDA:162,46,0,1
BRDA:162,46,1,0
BRDA:163,47,0,1
BRDA:163,47,1,0
BRDA:164,48,0,1
BRDA:164,48,1,0
BRDA:166,49,0,2
BRDA:166,49,1,1
BRDA:171,50,0,3
BRDA:171,50,1,2
BRDA:171,50,2,2
BRF:100
BRH:74
end_of_record
TN:
SF:src/database/migrations/migrationService.ts
FN:9,(anonymous_0)
FN:17,(anonymous_1)
FN:35,(anonymous_2)
FN:51,(anonymous_3)
FN:62,(anonymous_4)
FN:73,(anonymous_5)
FNF:6
FNH:6
FNDA:6,(anonymous_0)
FNDA:7,(anonymous_1)
FNDA:7,(anonymous_2)
FNDA:7,(anonymous_3)
FNDA:7,(anonymous_4)
FNDA:8,(anonymous_5)
DA:6,27
DA:10,6
DA:18,7
DA:36,7
DA:52,7
DA:55,7
DA:63,7
DA:66,7
DA:73,27
DA:75,8
DA:82,8
DA:83,40
DA:87,40
DA:89,6
DA:92,34
DA:94,34
LF:16
LH:16
BRDA:87,0,0,6
BRDA:87,0,1,34
BRF:2
BRH:2
end_of_record
TN:
SF:src/database/repositories/configRepository.ts
FN:9,(anonymous_0)
FN:27,(anonymous_1)
FNF:2
FNH:2
FNDA:5,(anonymous_0)
FNDA:3,(anonymous_1)
DA:9,1
DA:14,5
DA:19,5
DA:20,2
DA:27,1
DA:28,3
LF:6
LH:6
BRDA:19,0,0,3
BRDA:19,0,1,2
BRF:2
BRH:2
end_of_record
TN:
SF:src/database/repositories/expenseRepository.ts
FN:16,(anonymous_0)
FN:31,(anonymous_1)
FN:42,(anonymous_2)
FN:56,(anonymous_3)
FN:67,(anonymous_4)
FN:77,(anonymous_5)
FN:81,(anonymous_6)
FN:92,(anonymous_7)
FN:115,(anonymous_8)
FN:130,(anonymous_9)
FN:143,(anonymous_10)
FN:179,(anonymous_11)
FNF:12
FNH:12
FNDA:3,(anonymous_0)
FNDA:3,(anonymous_1)
FNDA:3,(anonymous_2)
FNDA:3,(anonymous_3)
FNDA:1,(anonymous_4)
FNDA:1,(anonymous_5)
FNDA:2,(anonymous_6)
FNDA:3,(anonymous_7)
FNDA:2,(anonymous_8)
FNDA:1,(anonymous_9)
FNDA:4,(anonymous_10)
FNDA:3,(anonymous_11)
DA:16,1
DA:17,3
DA:18,3
DA:20,2
DA:21,2
DA:22,2
DA:24,2
DA:28,2
DA:31,1
DA:32,3
DA:33,3
DA:35,2
DA:39,2
DA:42,1
DA:43,3
DA:44,3
DA:46,2
DA:47,2
DA:49,2
DA:53,2
DA:56,1
DA:57,3
DA:58,3
DA:60,2
DA:64,2
DA:67,1
DA:71,1
DA:77,1
DA:78,1
DA:81,1
DA:82,2
DA:83,2
DA:85,1
DA:89,1
DA:92,1
DA:93,3
DA:94,3
DA:96,3
DA:97,3
DA:99,3
DA:103,3
DA:115,1
DA:116,2
DA:117,1
DA:121,1
DA:123,1
DA:127,1
DA:130,1
DA:136,1
DA:140,1
DA:143,1
DA:147,4
DA:148,4
DA:150,3
DA:151,3
DA:153,3
DA:154,3
DA:162,2
DA:163,2
DA:164,2
DA:165,3
DA:166,1
DA:168,2
DA:171,2
DA:174,1
DA:175,1
DA:179,1
DA:180,3
DA:181,3
DA:183,2
DA:184,2
DA:185,2
DA:187,2
DA:193,2
LF:74
LH:74
BRDA:18,0,0,1
BRDA:18,0,1,2
BRDA:20,1,0,2
BRDA:20,1,1,1
BRDA:21,2,0,2
BRDA:21,2,1,1
BRDA:22,3,0,2
BRDA:22,3,1,1
BRDA:33,4,0,1
BRDA:33,4,1,2
BRDA:44,5,0,1
BRDA:44,5,1,2
BRDA:58,6,0,1
BRDA:58,6,1,2
BRDA:83,7,0,1
BRDA:83,7,1,1
BRDA:94,8,0,0
BRDA:94,8,1,3
BRDA:103,9,0,3
BRDA:103,9,1,1
BRDA:116,10,0,1
BRDA:116,10,1,1
BRDA:148,11,0,1
BRDA:148,11,1,3
BRDA:165,12,0,1
BRDA:165,12,1,2
BRDA:181,13,0,1
BRDA:181,13,1,2
BRDA:193,14,0,2
BRDA:193,14,1,1
BRF:30
BRH:29
end_of_record
TN:
SF:src/database/repositories/reimbursementRepository.ts
FN:7,getMonthlyReimbursements
FNF:1
FNH:1
FNDA:7,getMonthlyReimbursements
DA:12,7
DA:13,7
DA:14,7
DA:16,7
DA:21,7
DA:22,5
LF:6
LH:6
BRDA:21,0,0,2
BRDA:21,0,1,5
BRDA:21,1,0,7
BRDA:21,1,1,6
BRF:4
BRH:4
end_of_record
TN:
SF:src/database/repositories/userRepository.ts
FN:12,(anonymous_0)
FN:24,(anonymous_1)
FN:35,(anonymous_2)
FN:70,(anonymous_3)
FN:108,(anonymous_4)
FN:118,(anonymous_5)
FN:131,(anonymous_6)
FNF:7
FNH:7
FNDA:3,(anonymous_0)
FNDA:2,(anonymous_1)
FNDA:3,(anonymous_2)
FNDA:3,(anonymous_3)
FNDA:1,(anonymous_4)
FNDA:2,(anonymous_5)
FNDA:2,(anonymous_6)
DA:12,1
DA:16,3
DA:17,3
DA:18,3
DA:19,32
DA:21,3
DA:24,1
DA:25,2
DA:26,2
DA:27,2
DA:28,2
DA:29,2
DA:31,0
DA:35,1
DA:40,3
DA:42,3
DA:47,3
DA:48,2
DA:51,1
DA:53,1
DA:58,1
DA:63,1
DA:65,2
DA:66,2
DA:70,1
DA:71,3
DA:72,3
DA:74,3
DA:75,1
DA:78,2
DA:80,2
DA:81,1
DA:85,1
DA:86,1
DA:96,1
DA:103,2
DA:104,2
DA:108,1
DA:109,1
DA:110,1
DA:111,1
DA:113,0
DA:114,0
DA:118,1
DA:119,2
DA:120,2
DA:121,2
DA:122,1
DA:124,1
DA:126,0
DA:127,0
DA:131,1
DA:132,2
DA:133,2
DA:134,2
DA:136,0
DA:137,0
LF:57
LH:50
BRDA:29,0,0,2
BRDA:29,0,1,1
BRDA:47,1,0,2
BRDA:47,1,1,1
BRDA:74,2,0,1
BRDA:74,2,1,2
BRDA:80,3,0,1
BRDA:80,3,1,1
BRDA:121,4,0,1
BRDA:121,4,1,1
BRDA:134,5,0,1
BRDA:134,5,1,1
BRF:12
BRH:12
end_of_record
TN:
SF:src/features/expenses/services/exportService.ts
FN:31,(anonymous_0)
FN:39,(anonymous_1)
FN:42,(anonymous_2)
FN:50,(anonymous_3)
FN:64,(anonymous_4)
FN:77,(anonymous_5)
FN:96,(anonymous_6)
FN:107,(anonymous_7)
FNF:8
FNH:8
FNDA:165,(anonymous_0)
FNDA:13,(anonymous_1)
FNDA:33,(anonymous_2)
FNDA:33,(anonymous_3)
FNDA:11,(anonymous_4)
FNDA:2,(anonymous_5)
FNDA:15,(anonymous_6)
FNDA:9,(anonymous_7)
DA:31,1
DA:32,165
DA:33,165
DA:34,11
DA:36,154
DA:39,1
DA:40,13
DA:42,33
DA:50,33
DA:64,1
DA:65,11
DA:66,11
DA:67,11
DA:68,11
DA:69,11
DA:70,11
DA:71,11
DA:72,11
DA:73,11
DA:74,11
DA:77,1
DA:78,2
DA:96,1
DA:100,15
DA:103,15
DA:105,15
DA:106,3
DA:107,9
DA:110,15
DA:111,2
DA:119,13
DA:122,13
DA:123,13
DA:124,13
DA:125,13
DA:131,13
DA:133,13
DA:136,13
DA:139,13
DA:140,11
DA:142,2
LF:41
LH:41
BRDA:32,0,0,165
BRDA:32,0,1,0
BRDA:33,1,0,11
BRDA:33,1,1,154
BRDA:33,2,0,165
BRDA:33,2,1,156
BRDA:33,2,2,155
BRDA:105,3,0,3
BRDA:105,3,1,12
BRDA:105,4,0,15
BRDA:105,4,1,3
BRDA:105,4,2,3
BRDA:110,5,0,2
BRDA:110,5,1,13
BRDA:119,6,0,13
BRDA:119,6,1,13
BRDA:133,7,0,2
BRDA:133,7,1,11
BRDA:136,8,0,13
BRDA:136,8,1,12
BRDA:139,9,0,11
BRDA:139,9,1,2
BRF:22
BRH:21
end_of_record
TN:
SF:src/shared/theme/darkTheme.ts
FNF:0
FNH:0
DA:1,0
LF:1
LH:0
BRF:0
BRH:0
end_of_record
TN:
SF:src/shared/types/database.ts
FN:34,calculateSavingsProgress
FN:46,calculateTotalWithReimbursements
FN:58,formatCurrency
FN:67,formatMonthYear
FNF:4
FNH:4
FNDA:15,calculateSavingsProgress
FNDA:4,calculateTotalWithReimbursements
FNDA:6,formatCurrency
FNDA:15,formatMonthYear
DA:38,15
DA:39,10
DA:50,4
DA:59,6
DA:60,3
DA:68,15
DA:70,15
DA:71,15
DA:72,15
DA:73,15
LF:10
LH:10
BRDA:38,0,0,5
BRDA:38,0,1,10
BRDA:38,1,0,15
BRDA:38,1,1,13
BRDA:59,2,0,3
BRDA:59,2,1,3
BRDA:59,3,0,6
BRDA:59,3,1,5
BRDA:59,3,2,4
BRF:9
BRH:9
end_of_record
